2021-03-22T16:00:10+00:00 CRITICAL Uncaught TypeError: call_user_func_array(): Argument #1 ($function) must be a valid callback, non-static method WP_Feed_Cache::create() cannot be called statically in C:\xampp\htdocs\wordpress\wp-includes\SimplePie\Registry.php:215
Stack trace:
#0 C:\xampp\htdocs\wordpress\wp-includes\class-simplepie.php(1313): SimplePie_Registry->call('Cache', 'get_handler', Array)
#1 C:\xampp\htdocs\wordpress\wp-includes\feed.php(783): SimplePie->init()
#2 C:\xampp\htdocs\wordpress\wp-includes\widgets.php(1489): fetch_feed('https://wordpre...')
#3 C:\xampp\htdocs\wordpress\wp-admin\includes\dashboard.php(1509): wp_widget_rss_output('https://wordpre...', Array)
#4 C:\xampp\htdocs\wordpress\wp-admin\includes\dashboard.php(1117): wp_dashboard_primary_output('dashboard_prima...', Array)
#5 C:\xampp\htdocs\wordpress\wp-admin\includes\dashboard.php(1493): wp_dashboard_cached_rss_widget('dashboard_prima...', 'wp_dashboard_pr...', Array)
#6 C:\xampp\htdocs\wordpress\wp-admin\includes\ajax-actions.php(400): wp_dashboard_primary()
#7 C:\xampp\htdocs\wordpress\wp-includes\class-wp-hook.php(287): wp_ajax_dashboard_widgets('')
#8 C:\xampp\htdocs\wordpress\wp-includes\class-wp-hook.php(311): WP_Hook->apply_filters('', Array)
#9 C:\xampp\htdocs\wordpress\wp-includes\plugin.php(478): WP_Hook->do_action(Array)
#10 C:\xampp\htdocs\wordpress\wp-admin\admin-ajax.php(175): do_action('wp_ajax_dashboa...')
#11 {main}
  thrown in C:\xampp\htdocs\wordpress\wp-includes\SimplePie\Registry.php on line 215

2021-03-22T16:01:22+00:00 CRITICAL Uncaught TypeError: call_user_func_array(): Argument #1 ($function) must be a valid callback, non-static method WP_Feed_Cache::create() cannot be called statically in C:\xampp\htdocs\wordpress\wp-includes\SimplePie\Registry.php:215
Stack trace:
#0 C:\xampp\htdocs\wordpress\wp-includes\class-simplepie.php(1313): SimplePie_Registry->call('Cache', 'get_handler', Array)
#1 C:\xampp\htdocs\wordpress\wp-includes\feed.php(783): SimplePie->init()
#2 C:\xampp\htdocs\wordpress\wp-includes\widgets.php(1489): fetch_feed('https://wordpre...')
#3 C:\xampp\htdocs\wordpress\wp-admin\includes\dashboard.php(1509): wp_widget_rss_output('https://wordpre...', Array)
#4 C:\xampp\htdocs\wordpress\wp-admin\includes\dashboard.php(1117): wp_dashboard_primary_output('dashboard_prima...', Array)
#5 C:\xampp\htdocs\wordpress\wp-admin\includes\dashboard.php(1493): wp_dashboard_cached_rss_widget('dashboard_prima...', 'wp_dashboard_pr...', Array)
#6 C:\xampp\htdocs\wordpress\wp-admin\includes\ajax-actions.php(400): wp_dashboard_primary()
#7 C:\xampp\htdocs\wordpress\wp-includes\class-wp-hook.php(287): wp_ajax_dashboard_widgets('')
#8 C:\xampp\htdocs\wordpress\wp-includes\class-wp-hook.php(311): WP_Hook->apply_filters('', Array)
#9 C:\xampp\htdocs\wordpress\wp-includes\plugin.php(478): WP_Hook->do_action(Array)
#10 C:\xampp\htdocs\wordpress\wp-admin\admin-ajax.php(175): do_action('wp_ajax_dashboa...')
#11 {main}
  thrown in C:\xampp\htdocs\wordpress\wp-includes\SimplePie\Registry.php on line 215

